TN:
SF:taskManager.js
FN:2,(anonymous_0)
FN:6,(anonymous_1)
FN:15,(anonymous_2)
FN:22,(anonymous_3)
FN:30,(anonymous_4)
FN:34,(anonymous_5)
FNF:6
FNH:6
FNDA:8,(anonymous_0)
FNDA:7,(anonymous_1)
FNDA:2,(anonymous_2)
FNDA:3,(anonymous_3)
FNDA:5,(anonymous_4)
FNDA:1,(anonymous_5)
DA:3,8
DA:7,7
DA:8,2
DA:10,5
DA:11,5
DA:12,5
DA:16,2
DA:17,1
DA:19,1
DA:23,3
DA:24,1
DA:26,2
DA:27,2
DA:31,5
DA:35,1
DA:39,1
LF:16
LH:16
BRDA:2,0,0,8
BRDA:7,1,0,2
BRDA:7,1,1,5
BRDA:7,2,0,7
BRDA:7,2,1,6
BRDA:7,2,2,6
BRDA:16,3,0,1
BRDA:16,3,1,1
BRDA:16,4,0,2
BRDA:16,4,1,2
BRDA:16,4,2,2
BRDA:23,5,0,1
BRDA:23,5,1,2
BRDA:23,6,0,3
BRDA:23,6,1,3
BRDA:23,6,2,3
BRF:16
BRH:16
end_of_record
